mode: set
fileserver/internal/auth/middleware/jwt_middleware.go:11.38,13.30 1 1
fileserver/internal/auth/middleware/jwt_middleware.go:13.30,17.23 2 1
fileserver/internal/auth/middleware/jwt_middleware.go:17.23,25.4 2 1
fileserver/internal/auth/middleware/jwt_middleware.go:27.3,33.17 3 1
fileserver/internal/auth/middleware/jwt_middleware.go:33.17,41.4 2 1
fileserver/internal/auth/middleware/jwt_middleware.go:43.3,46.11 3 1
fileserver/internal/auth/utils/jwt.go:22.19,41.2 3 1
fileserver/internal/auth/utils/jwt.go:45.23,50.47 1 1
fileserver/internal/auth/utils/jwt.go:50.47,52.4 1 1
fileserver/internal/auth/utils/jwt.go:55.2,55.16 1 1
fileserver/internal/auth/utils/jwt.go:55.16,57.3 1 1
fileserver/internal/auth/utils/jwt.go:59.2,59.18 1 1
fileserver/internal/auth/utils/jwt.go:59.18,61.3 1 0
fileserver/internal/auth/utils/jwt.go:63.2,64.9 2 1
fileserver/internal/auth/utils/jwt.go:64.9,66.3 1 0
fileserver/internal/auth/utils/jwt.go:68.2,68.20 1 1
fileserver/internal/auth/utils/password.go:5.52,12.2 2 1
fileserver/internal/auth/utils/password.go:17.9,22.2 1 1
fileserver/internal/middleware/recovery.go:14.33,16.30 1 1
fileserver/internal/middleware/recovery.go:16.30,18.16 1 1
fileserver/internal/middleware/recovery.go:18.16,20.36 1 1
fileserver/internal/middleware/recovery.go:20.36,50.5 4 1
fileserver/internal/middleware/recovery.go:53.3,53.11 1 1
fileserver/internal/middleware/request_id.go:10.34,12.30 1 1
fileserver/internal/middleware/request_id.go:12.30,16.22 2 1
fileserver/internal/middleware/request_id.go:16.22,18.4 1 1
fileserver/internal/middleware/request_id.go:20.3,27.11 3 1
fileserver/internal/middleware/request_logger.go:10.38,12.30 1 0
fileserver/internal/middleware/request_logger.go:12.30,42.3 11 0
fileserver/pkg/response/response.go:9.3,18.2 1 1
fileserver/pkg/errors/api_error.go:16.35,18.2 1 1
fileserver/pkg/errors/api_error.go:24.13,31.2 1 1
fileserver/pkg/errors/api_error.go:38.13,46.2 1 1
fileserver/pkg/errors/api_error.go:51.3,55.9 2 1
fileserver/pkg/errors/api_error.go:55.9,67.3 2 1
fileserver/pkg/errors/api_error.go:69.2,79.3 1 1
